{"/Users/saminakhan/supercoderapi/server/app.js": {"path":"/Users/saminakhan/supercoderapi/server/app.js","statementMap":{"0":{"start":{"line":1,"column":15},"end":{"line":1,"column":33}},"1":{"start":{"line":2,"column":12},"end":{"line":2,"column":21}},"2":{"start":{"line":3,"column":13},"end":{"line":3,"column":28}},"3":{"start":{"line":4,"column":14},"end":{"line":4,"column":36}},"4":{"start":{"line":6,"column":0},"end":{"line":6,"column":23}},"5":{"start":{"line":7,"column":0},"end":{"line":7,"column":16}},"6":{"start":{"line":8,"column":0},"end":{"line":8,"column":20}},"7":{"start":{"line":12,"column":0},"end":{"line":12,"column":21}}},"fnMap":{},"branchMap":{},"s":{"0":2,"1":2,"2":2,"3":2,"4":2,"5":2,"6":2,"7":2},"f":{},"b":{},"_coverageSchema":"1a1c01bbd47fc00a2c39e90264f33305004495a9","hash":"c9c46a2a91da26ab96894995de4d24e5b62b23bb"}
,"/Users/saminakhan/supercoderapi/server/router.js": {"path":"/Users/saminakhan/supercoderapi/server/router.js","statementMap":{"0":{"start":{"line":1,"column":15},"end":{"line":1,"column":33}},"1":{"start":{"line":2,"column":13},"end":{"line":2,"column":35}},"2":{"start":{"line":3,"column":15},"end":{"line":3,"column":31}},"3":{"start":{"line":4,"column":14},"end":{"line":4,"column":30}},"4":{"start":{"line":5,"column":19},"end":{"line":5,"column":55}},"5":{"start":{"line":6,"column":0},"end":{"line":6,"column":26}},"6":{"start":{"line":7,"column":13},"end":{"line":7,"column":31}},"7":{"start":{"line":11,"column":0},"end":{"line":13,"column":2}},"8":{"start":{"line":12,"column":4},"end":{"line":12,"column":27}},"9":{"start":{"line":17,"column":0},"end":{"line":19,"column":2}},"10":{"start":{"line":18,"column":4},"end":{"line":18,"column":18}},"11":{"start":{"line":23,"column":0},"end":{"line":31,"column":2}},"12":{"start":{"line":24,"column":4},"end":{"line":30,"column":5}},"13":{"start":{"line":25,"column":28},"end":{"line":25,"column":47}},"14":{"start":{"line":26,"column":8},"end":{"line":26,"column":64}},"15":{"start":{"line":26,"column":29},"end":{"line":26,"column":63}},"16":{"start":{"line":27,"column":8},"end":{"line":27,"column":31}},"17":{"start":{"line":29,"column":8},"end":{"line":29,"column":54}},"18":{"start":{"line":36,"column":0},"end":{"line":45,"column":2}},"19":{"start":{"line":37,"column":4},"end":{"line":44,"column":5}},"20":{"start":{"line":38,"column":28},"end":{"line":38,"column":47}},"21":{"start":{"line":39,"column":8},"end":{"line":39,"column":73}},"22":{"start":{"line":39,"column":29},"end":{"line":39,"column":72}},"23":{"start":{"line":40,"column":36},"end":{"line":40,"column":57}},"24":{"start":{"line":41,"column":8},"end":{"line":41,"column":39}},"25":{"start":{"line":43,"column":8},"end":{"line":43,"column":54}},"26":{"start":{"line":50,"column":0},"end":{"line":60,"column":2}},"27":{"start":{"line":51,"column":4},"end":{"line":59,"column":5}},"28":{"start":{"line":52,"column":25},"end":{"line":52,"column":44}},"29":{"start":{"line":53,"column":25},"end":{"line":53,"column":41}},"30":{"start":{"line":54,"column":27},"end":{"line":54,"column":51}},"31":{"start":{"line":55,"column":8},"end":{"line":55,"column":69}},"32":{"start":{"line":55,"column":26},"end":{"line":55,"column":68}},"33":{"start":{"line":56,"column":8},"end":{"line":56,"column":28}},"34":{"start":{"line":58,"column":8},"end":{"line":58,"column":54}},"35":{"start":{"line":64,"column":0},"end":{"line":72,"column":2}},"36":{"start":{"line":65,"column":4},"end":{"line":71,"column":5}},"37":{"start":{"line":66,"column":26},"end":{"line":66,"column":68}},"38":{"start":{"line":67,"column":8},"end":{"line":67,"column":61}},"39":{"start":{"line":67,"column":25},"end":{"line":67,"column":60}},"40":{"start":{"line":68,"column":8},"end":{"line":68,"column":27}},"41":{"start":{"line":70,"column":8},"end":{"line":70,"column":54}},"42":{"start":{"line":77,"column":0},"end":{"line":104,"column":2}},"43":{"start":{"line":78,"column":4},"end":{"line":103,"column":5}},"44":{"start":{"line":79,"column":17},"end":{"line":79,"column":50}},"45":{"start":{"line":81,"column":24},"end":{"line":87,"column":9}},"46":{"start":{"line":88,"column":8},"end":{"line":88,"column":112}},"47":{"start":{"line":88,"column":59},"end":{"line":88,"column":111}},"48":{"start":{"line":89,"column":25},"end":{"line":89,"column":40}},"49":{"start":{"line":90,"column":25},"end":{"line":90,"column":40}},"50":{"start":{"line":91,"column":27},"end":{"line":91,"column":42}},"51":{"start":{"line":93,"column":20},"end":{"line":93,"column":27}},"52":{"start":{"line":94,"column":8},"end":{"line":94,"column":28}},"53":{"start":{"line":95,"column":8},"end":{"line":95,"column":37}},"54":{"start":{"line":96,"column":8},"end":{"line":96,"column":37}},"55":{"start":{"line":97,"column":8},"end":{"line":97,"column":39}},"56":{"start":{"line":98,"column":8},"end":{"line":98,"column":26}},"57":{"start":{"line":100,"column":8},"end":{"line":100,"column":37}},"58":{"start":{"line":102,"column":8},"end":{"line":102,"column":54}},"59":{"start":{"line":109,"column":0},"end":{"line":130,"column":2}},"60":{"start":{"line":110,"column":4},"end":{"line":129,"column":5}},"61":{"start":{"line":111,"column":25},"end":{"line":111,"column":44}},"62":{"start":{"line":112,"column":28},"end":{"line":112,"column":44}},"63":{"start":{"line":113,"column":27},"end":{"line":116,"column":9}},"64":{"start":{"line":117,"column":8},"end":{"line":117,"column":79}},"65":{"start":{"line":117,"column":36},"end":{"line":117,"column":78}},"66":{"start":{"line":119,"column":8},"end":{"line":123,"column":9}},"67":{"start":{"line":120,"column":12},"end":{"line":120,"column":18}},"68":{"start":{"line":122,"column":12},"end":{"line":122,"column":57}},"69":{"start":{"line":124,"column":8},"end":{"line":124,"column":36}},"70":{"start":{"line":126,"column":8},"end":{"line":126,"column":40}},"71":{"start":{"line":128,"column":8},"end":{"line":128,"column":54}},"72":{"start":{"line":138,"column":0},"end":{"line":147,"column":2}},"73":{"start":{"line":140,"column":17},"end":{"line":140,"column":25}},"74":{"start":{"line":141,"column":21},"end":{"line":141,"column":40}},"75":{"start":{"line":142,"column":4},"end":{"line":142,"column":82}},"76":{"start":{"line":143,"column":4},"end":{"line":143,"column":90}},"77":{"start":{"line":144,"column":4},"end":{"line":144,"column":58}},"78":{"start":{"line":146,"column":4},"end":{"line":146,"column":22}},"79":{"start":{"line":152,"column":0},"end":{"line":161,"column":2}},"80":{"start":{"line":154,"column":24},"end":{"line":154,"column":32}},"81":{"start":{"line":155,"column":21},"end":{"line":155,"column":40}},"82":{"start":{"line":156,"column":21},"end":{"line":156,"column":37}},"83":{"start":{"line":157,"column":23},"end":{"line":157,"column":47}},"84":{"start":{"line":158,"column":4},"end":{"line":158,"column":108}},"85":{"start":{"line":160,"column":4},"end":{"line":160,"column":24}},"86":{"start":{"line":167,"column":0},"end":{"line":172,"column":2}},"87":{"start":{"line":168,"column":21},"end":{"line":168,"column":40}},"88":{"start":{"line":169,"column":18},"end":{"line":169,"column":32}},"89":{"start":{"line":170,"column":4},"end":{"line":170,"column":51}},"90":{"start":{"line":171,"column":4},"end":{"line":171,"column":35}},"91":{"start":{"line":177,"column":0},"end":{"line":182,"column":2}},"92":{"start":{"line":178,"column":21},"end":{"line":178,"column":40}},"93":{"start":{"line":179,"column":18},"end":{"line":179,"column":32}},"94":{"start":{"line":180,"column":4},"end":{"line":180,"column":51}},"95":{"start":{"line":181,"column":4},"end":{"line":181,"column":35}},"96":{"start":{"line":186,"column":0},"end":{"line":194,"column":2}},"97":{"start":{"line":187,"column":21},"end":{"line":187,"column":40}},"98":{"start":{"line":188,"column":4},"end":{"line":190,"column":5}},"99":{"start":{"line":189,"column":8},"end":{"line":189,"column":34}},"100":{"start":{"line":191,"column":4},"end":{"line":191,"column":55}},"101":{"start":{"line":192,"column":4},"end":{"line":192,"column":50}},"102":{"start":{"line":198,"column":0},"end":{"line":209,"column":2}},"103":{"start":{"line":199,"column":21},"end":{"line":199,"column":40}},"104":{"start":{"line":200,"column":21},"end":{"line":200,"column":37}},"105":{"start":{"line":201,"column":21},"end":{"line":201,"column":45}},"106":{"start":{"line":202,"column":4},"end":{"line":204,"column":5}},"107":{"start":{"line":203,"column":8},"end":{"line":203,"column":33}},"108":{"start":{"line":205,"column":4},"end":{"line":205,"column":58}},"109":{"start":{"line":207,"column":4},"end":{"line":207,"column":57}},"110":{"start":{"line":213,"column":0},"end":{"line":226,"column":2}},"111":{"start":{"line":214,"column":16},"end":{"line":214,"column":27}},"112":{"start":{"line":215,"column":4},"end":{"line":215,"column":59}},"113":{"start":{"line":216,"column":4},"end":{"line":216,"column":35}},"114":{"start":{"line":217,"column":20},"end":{"line":219,"column":7}},"115":{"start":{"line":220,"column":19},"end":{"line":220,"column":46}},"116":{"start":{"line":221,"column":21},"end":{"line":221,"column":39}},"117":{"start":{"line":222,"column":6},"end":{"line":225,"column":26}},"118":{"start":{"line":223,"column":10},"end":{"line":223,"column":57}},"119":{"start":{"line":225,"column":6},"end":{"line":225,"column":25}},"120":{"start":{"line":230,"column":0},"end":{"line":230,"column":24}}},"fnMap":{"0":{"name":"(anonymous_0)","decl":{"start":{"line":11,"column":16},"end":{"line":11,"column":17}},"loc":{"start":{"line":11,"column":29},"end":{"line":13,"column":1}},"line":11},"1":{"name":"(anonymous_1)","decl":{"start":{"line":17,"column":20},"end":{"line":17,"column":21}},"loc":{"start":{"line":17,"column":34},"end":{"line":19,"column":1}},"line":17},"2":{"name":"(anonymous_2)","decl":{"start":{"line":23,"column":24},"end":{"line":23,"column":25}},"loc":{"start":{"line":23,"column":38},"end":{"line":31,"column":1}},"line":23},"3":{"name":"(anonymous_3)","decl":{"start":{"line":36,"column":32},"end":{"line":36,"column":33}},"loc":{"start":{"line":36,"column":46},"end":{"line":45,"column":1}},"line":36},"4":{"name":"(anonymous_4)","decl":{"start":{"line":50,"column":37},"end":{"line":50,"column":38}},"loc":{"start":{"line":50,"column":51},"end":{"line":60,"column":1}},"line":50},"5":{"name":"(anonymous_5)","decl":{"start":{"line":64,"column":35},"end":{"line":64,"column":36}},"loc":{"start":{"line":64,"column":48},"end":{"line":72,"column":1}},"line":64},"6":{"name":"(anonymous_6)","decl":{"start":{"line":77,"column":21},"end":{"line":77,"column":22}},"loc":{"start":{"line":77,"column":34},"end":{"line":104,"column":1}},"line":77},"7":{"name":"(anonymous_7)","decl":{"start":{"line":109,"column":24},"end":{"line":109,"column":25}},"loc":{"start":{"line":109,"column":35},"end":{"line":130,"column":1}},"line":109},"8":{"name":"(anonymous_8)","decl":{"start":{"line":138,"column":26},"end":{"line":138,"column":27}},"loc":{"start":{"line":138,"column":39},"end":{"line":147,"column":1}},"line":138},"9":{"name":"(anonymous_9)","decl":{"start":{"line":152,"column":39},"end":{"line":152,"column":40}},"loc":{"start":{"line":152,"column":52},"end":{"line":161,"column":1}},"line":152},"10":{"name":"(anonymous_10)","decl":{"start":{"line":167,"column":42},"end":{"line":167,"column":43}},"loc":{"start":{"line":167,"column":56},"end":{"line":172,"column":1}},"line":167},"11":{"name":"(anonymous_11)","decl":{"start":{"line":177,"column":43},"end":{"line":177,"column":44}},"loc":{"start":{"line":177,"column":57},"end":{"line":182,"column":1}},"line":177},"12":{"name":"(anonymous_12)","decl":{"start":{"line":186,"column":27},"end":{"line":186,"column":28}},"loc":{"start":{"line":186,"column":41},"end":{"line":194,"column":1}},"line":186},"13":{"name":"(anonymous_13)","decl":{"start":{"line":198,"column":40},"end":{"line":198,"column":41}},"loc":{"start":{"line":198,"column":53},"end":{"line":209,"column":1}},"line":198},"14":{"name":"(anonymous_14)","decl":{"start":{"line":213,"column":22},"end":{"line":213,"column":23}},"loc":{"start":{"line":213,"column":34},"end":{"line":226,"column":1}},"line":213}},"branchMap":{"0":{"loc":{"start":{"line":26,"column":8},"end":{"line":26,"column":64}},"type":"if","locations":[{"start":{"line":26,"column":8},"end":{"line":26,"column":64}},{"start":{},"end":{}}],"line":26},"1":{"loc":{"start":{"line":39,"column":8},"end":{"line":39,"column":73}},"type":"if","locations":[{"start":{"line":39,"column":8},"end":{"line":39,"column":73}},{"start":{},"end":{}}],"line":39},"2":{"loc":{"start":{"line":55,"column":8},"end":{"line":55,"column":69}},"type":"if","locations":[{"start":{"line":55,"column":8},"end":{"line":55,"column":69}},{"start":{},"end":{}}],"line":55},"3":{"loc":{"start":{"line":67,"column":8},"end":{"line":67,"column":61}},"type":"if","locations":[{"start":{"line":67,"column":8},"end":{"line":67,"column":61}},{"start":{},"end":{}}],"line":67},"4":{"loc":{"start":{"line":88,"column":8},"end":{"line":88,"column":112}},"type":"if","locations":[{"start":{"line":88,"column":8},"end":{"line":88,"column":112}},{"start":{},"end":{}}],"line":88},"5":{"loc":{"start":{"line":88,"column":11},"end":{"line":88,"column":55}},"type":"binary-expr","locations":[{"start":{"line":88,"column":11},"end":{"line":88,"column":30}},{"start":{"line":88,"column":34},"end":{"line":88,"column":55}}],"line":88},"6":{"loc":{"start":{"line":117,"column":8},"end":{"line":117,"column":79}},"type":"if","locations":[{"start":{"line":117,"column":8},"end":{"line":117,"column":79}},{"start":{},"end":{}}],"line":117},"7":{"loc":{"start":{"line":119,"column":8},"end":{"line":123,"column":9}},"type":"if","locations":[{"start":{"line":119,"column":8},"end":{"line":123,"column":9}},{"start":{"line":121,"column":15},"end":{"line":123,"column":9}}],"line":119},"8":{"loc":{"start":{"line":142,"column":25},"end":{"line":142,"column":81}},"type":"cond-expr","locations":[{"start":{"line":142,"column":44},"end":{"line":142,"column":60}},{"start":{"line":142,"column":63},"end":{"line":142,"column":81}}],"line":142},"9":{"loc":{"start":{"line":143,"column":27},"end":{"line":143,"column":89}},"type":"cond-expr","locations":[{"start":{"line":143,"column":48},"end":{"line":143,"column":66}},{"start":{"line":143,"column":69},"end":{"line":143,"column":89}}],"line":143},"10":{"loc":{"start":{"line":144,"column":19},"end":{"line":144,"column":57}},"type":"cond-expr","locations":[{"start":{"line":144,"column":32},"end":{"line":144,"column":42}},{"start":{"line":144,"column":45},"end":{"line":144,"column":57}}],"line":144},"11":{"loc":{"start":{"line":158,"column":29},"end":{"line":158,"column":107}},"type":"cond-expr","locations":[{"start":{"line":158,"column":57},"end":{"line":158,"column":82}},{"start":{"line":158,"column":85},"end":{"line":158,"column":107}}],"line":158},"12":{"loc":{"start":{"line":222,"column":6},"end":{"line":225,"column":26}},"type":"if","locations":[{"start":{"line":222,"column":6},"end":{"line":225,"column":26}},{"start":{"line":224,"column":14},"end":{"line":225,"column":26}}],"line":222}},"s":{"0":2,"1":2,"2":2,"3":2,"4":2,"5":2,"6":2,"7":2,"8":1,"9":2,"10":3,"11":2,"12":4,"13":4,"14":4,"15":1,"16":3,"17":1,"18":2,"19":4,"20":4,"21":4,"22":1,"23":3,"24":3,"25":1,"26":2,"27":4,"28":4,"29":4,"30":4,"31":4,"32":1,"33":3,"34":1,"35":2,"36":4,"37":4,"38":4,"39":1,"40":3,"41":1,"42":2,"43":4,"44":4,"45":4,"46":4,"47":1,"48":3,"49":3,"50":3,"51":3,"52":3,"53":3,"54":3,"55":3,"56":3,"57":3,"58":1,"59":2,"60":4,"61":4,"62":4,"63":4,"64":4,"65":1,"66":3,"67":0,"68":3,"69":3,"70":3,"71":1,"72":2,"73":3,"74":3,"75":3,"76":3,"77":3,"78":3,"79":2,"80":3,"81":3,"82":3,"83":3,"84":3,"85":3,"86":2,"87":3,"88":3,"89":3,"90":3,"91":2,"92":3,"93":3,"94":3,"95":3,"96":2,"97":1,"98":1,"99":6,"100":1,"101":1,"102":2,"103":1,"104":1,"105":1,"106":1,"107":2,"108":1,"109":1,"110":2,"111":3,"112":3,"113":3,"114":3,"115":3,"116":3,"117":3,"118":0,"119":3,"120":2},"f":{"0":1,"1":3,"2":4,"3":4,"4":4,"5":4,"6":4,"7":4,"8":3,"9":3,"10":3,"11":3,"12":1,"13":1,"14":3},"b":{"0":[1,3],"1":[1,3],"2":[1,3],"3":[1,3],"4":[1,3],"5":[4,3],"6":[1,3],"7":[0,3],"8":[3,0],"9":[3,0],"10":[0,3],"11":[3,0],"12":[0,3]},"_coverageSchema":"1a1c01bbd47fc00a2c39e90264f33305004495a9","hash":"4a6301a20841aaa4ad630322320fb8ac342e5c35"}
}
