TN:
SF:server/app.js
FNF:0
FNH:0
DA:1,2
DA:2,2
DA:3,2
DA:4,2
DA:6,2
DA:7,2
DA:8,2
DA:12,2
LF:8
LH:8
BRF:0
BRH:0
end_of_record
TN:
SF:server/router.js
FN:11,(anonymous_0)
FN:17,(anonymous_1)
FN:23,(anonymous_2)
FN:36,(anonymous_3)
FN:50,(anonymous_4)
FN:64,(anonymous_5)
FN:77,(anonymous_6)
FN:109,(anonymous_7)
FN:138,(anonymous_8)
FN:152,(anonymous_9)
FN:167,(anonymous_10)
FN:177,(anonymous_11)
FN:186,(anonymous_12)
FN:198,(anonymous_13)
FN:213,(anonymous_14)
FNF:15
FNH:15
FNDA:1,(anonymous_0)
FNDA:3,(anonymous_1)
FNDA:4,(anonymous_2)
FNDA:4,(anonymous_3)
FNDA:4,(anonymous_4)
FNDA:4,(anonymous_5)
FNDA:4,(anonymous_6)
FNDA:4,(anonymous_7)
FNDA:3,(anonymous_8)
FNDA:3,(anonymous_9)
FNDA:3,(anonymous_10)
FNDA:3,(anonymous_11)
FNDA:1,(anonymous_12)
FNDA:1,(anonymous_13)
FNDA:3,(anonymous_14)
DA:1,2
DA:2,2
DA:3,2
DA:4,2
DA:5,2
DA:6,2
DA:7,2
DA:11,2
DA:12,1
DA:17,2
DA:18,3
DA:23,2
DA:24,4
DA:25,4
DA:26,4
DA:27,3
DA:29,1
DA:36,2
DA:37,4
DA:38,4
DA:39,4
DA:40,3
DA:41,3
DA:43,1
DA:50,2
DA:51,4
DA:52,4
DA:53,4
DA:54,4
DA:55,4
DA:56,3
DA:58,1
DA:64,2
DA:65,4
DA:66,4
DA:67,4
DA:68,3
DA:70,1
DA:77,2
DA:78,4
DA:79,4
DA:81,4
DA:88,4
DA:89,3
DA:90,3
DA:91,3
DA:93,3
DA:94,3
DA:95,3
DA:96,3
DA:97,3
DA:98,3
DA:100,3
DA:102,1
DA:109,2
DA:110,4
DA:111,4
DA:112,4
DA:113,4
DA:117,4
DA:119,3
DA:120,0
DA:122,3
DA:124,3
DA:126,3
DA:128,1
DA:138,2
DA:140,3
DA:141,3
DA:142,3
DA:143,3
DA:144,3
DA:146,3
DA:152,2
DA:154,3
DA:155,3
DA:156,3
DA:157,3
DA:158,3
DA:160,3
DA:167,2
DA:168,3
DA:169,3
DA:170,3
DA:171,3
DA:177,2
DA:178,3
DA:179,3
DA:180,3
DA:181,3
DA:186,2
DA:187,1
DA:188,1
DA:189,6
DA:191,1
DA:192,1
DA:198,2
DA:199,1
DA:200,1
DA:201,1
DA:202,1
DA:203,2
DA:205,1
DA:207,1
DA:213,2
DA:214,3
DA:215,3
DA:216,3
DA:217,3
DA:220,3
DA:221,3
DA:222,3
DA:223,0
DA:225,3
DA:230,2
LF:115
LH:113
BRDA:26,0,0,1
BRDA:26,0,1,3
BRDA:39,1,0,1
BRDA:39,1,1,3
BRDA:55,2,0,1
BRDA:55,2,1,3
BRDA:67,3,0,1
BRDA:67,3,1,3
BRDA:88,4,0,1
BRDA:88,4,1,3
BRDA:88,5,0,4
BRDA:88,5,1,3
BRDA:117,6,0,1
BRDA:117,6,1,3
BRDA:119,7,0,0
BRDA:119,7,1,3
BRDA:142,8,0,3
BRDA:142,8,1,0
BRDA:143,9,0,3
BRDA:143,9,1,0
BRDA:144,10,0,0
BRDA:144,10,1,3
BRDA:158,11,0,3
BRDA:158,11,1,0
BRDA:222,12,0,0
BRDA:222,12,1,3
BRF:26
BRH:20
end_of_record
